<?xml version="1.0" encoding="utf-8"?>
<TestRun id="7fcbca77-0677-43dc-9884-25d5c84670a0" name="dahatake@DAHATAKE-STD2 2026-09-02 05:41:42" runUser="FAREAST\dahatake" xmlns="http://microsoft.com/schemas/VisualStudio/TeamTest/2010">
  <Times creation="2026-09-02T05:41:42.0541868+09:00" queuing="2026-09-02T05:41:42.0541875+09:00" start="2026-09-02T05:33:18.0048934+09:00" finish="2026-09-02T05:41:42.0698933+09:00" />
  <TestSettings name="default" id="f7a7f6b2-64ff-4e2c-9a24-857bb62111fd">
    <Deployment runDeploymentRoot="dahatake_DAHATAKE-STD2_2026-09-02_05_41_42" />
  </TestSettings>
  <Results>
    <UnitTestResult executionId="402dad85-a3aa-4f6b-8715-ffea0167a232" testId="127138b4-517f-8ba5-6587-5202fcdb98d7" testName="StudyReportEvaluator.App.Tests.E2E.RealDataSystemSmokeTests.Optional_real_workbook_default_values_complete_local_v4_system_test" computerName="DAHATAKE-STD2" duration="00:08:22.1000774" startTime="2026-09-02T05:33:19.5687017+09:00" endTime="2026-09-02T05:41:41.6833632+09:00" testType="13cdc9d9-ddb5-4fa4-a97d-d965ccfc6d4b" outcome="Passed" testListId="8c84fa94-04c1-424b-9868-57a2d4851a1d" relativeResultsDirectory="402dad85-a3aa-4f6b-8715-ffea0167a232" />
  </Results>
  <TestDefinitions>
    <UnitTest name="StudyReportEvaluator.App.Tests.E2E.RealDataSystemSmokeTests.Optional_real_workbook_default_values_complete_local_v4_system_test" storage="c:\github\studyreport-evaluator\tests\studyreportevaluator.app.tests\bin\release\net10.0\studyreportevaluator.app.tests.dll" id="127138b4-517f-8ba5-6587-5202fcdb98d7">
      <Execution id="402dad85-a3aa-4f6b-8715-ffea0167a232" />
      <TestMethod codeBase="C:\GitHub\StudyReport-Evaluator\tests\StudyReportEvaluator.App.Tests\bin\Release\net10.0\StudyReportEvaluator.App.Tests.dll" adapterTypeName="executor://xunit/VsTestRunner3/netcore/" className="StudyReportEvaluator.App.Tests.E2E.RealDataSystemSmokeTests" name="Optional_real_workbook_default_values_complete_local_v4_system_test" />
    </UnitTest>
  </TestDefinitions>
  <TestEntries>
    <TestEntry testId="127138b4-517f-8ba5-6587-5202fcdb98d7" executionId="402dad85-a3aa-4f6b-8715-ffea0167a232" testListId="8c84fa94-04c1-424b-9868-57a2d4851a1d" />
  </TestEntries>
  <TestLists>
    <TestList name="一覧に存在しない結果" id="8c84fa94-04c1-424b-9868-57a2d4851a1d" />
    <TestList name="読み込まれたすべての結果" id="19431567-8539-422a-85d7-44ee4e166bda" />
  </TestLists>
  <ResultSummary outcome="Completed">
    <Counters total="1" executed="1" passed="1" failed="0" error="0" timeout="0" aborted="0" inconclusive="0" passedButRunAborted="0" notRunnable="0" notExecuted="0" disconnected="0" warning="0" completed="0" inProgress="0" pending="0" />
    <Output>
      <StdOut>[xUnit.net 00:00:00.00] xUnit.net VSTest Adapter v4.0.0+05679a7ab5 (64-bit .NET 10.0.11)&#xD;
[xUnit.net 00:00:00.28]   Discovering: StudyReportEvaluator.App.Tests&#xD;
[xUnit.net 00:00:00.75]   Discovered:  StudyReportEvaluator.App.Tests&#xD;
[xUnit.net 00:00:01.18]   Starting:    StudyReportEvaluator.App.Tests&#xD;
[xUnit.net 00:08:23.37]   Finished:    StudyReportEvaluator.App.Tests (ID = '3a82d1e8854ad6bd8dcdaae22e1a62293db9cce590c84852023aed83f591bddc')&#xD;
</StdOut>
    </Output>
  </ResultSummary>
</TestRun>